OXO Game Server Started: 2020-05-20 20:08:56.239238
*** OXO GAME SERVER STARTED ***
Waiting for client connections.
Connected Client 0: ('127.0.0.1', 51941)
Connected Client 1: ('127.0.0.1', 51944)
Sent Message Client 0: new game,X
Sent Message Client 1: new game,O
Sent Message Client 0: your move
Sent Message Client 1: opponents move
Received Message Client 0: 5
Sent Message Client 0: valid move,X,5
Sent Message Client 1: valid move,X,5
Sent Message Client 1: your move
Sent Message Client 0: opponents move
Received Message Client 1: 4
Sent Message Client 1: valid move,O,4
Sent Message Client 0: valid move,O,4
Sent Message Client 0: your move
Sent Message Client 1: opponents move
Received Message Client 0: 6
Sent Message Client 0: valid move,X,6
Sent Message Client 1: valid move,X,6
Sent Message Client 1: your move
Sent Message Client 0: opponents move
Received Message Client 1: 8
Sent Message Client 1: valid move,O,8
Sent Message Client 0: valid move,O,8
Sent Message Client 0: your move
Sent Message Client 1: opponents move
Received Message Client 0: 2
Sent Message Client 0: valid move,X,2
Sent Message Client 1: valid move,X,2
Sent Message Client 1: your move
Sent Message Client 0: opponents move
Received Message Client 1: 1
Sent Message Client 1: valid move,O,1
Sent Message Client 0: valid move,O,1
Sent Message Client 0: your move
Sent Message Client 1: opponents move
Received Message Client 0: 7
Sent Message Client 0: valid move,X,7
Sent Message Client 1: valid move,X,7
Sent Message Client 1: your move
Sent Message Client 0: opponents move
Received Message Client 1: 0
Sent Message Client 1: valid move,O,0
Sent Message Client 0: valid move,O,0
Sent Message Client 0: game over,O
Sent Message Client 1: game over,O
Sent Message Client 0: play again
Sent Message Client 1: play again
Received Message Client 0: n
Received Message Client 1: n
Sent Message Client 0: exit game
Sent Message Client 1: exit game
Closed Client 0: ('127.0.0.1', 51941)
Closed Client 1: ('127.0.0.1', 51944)
*** OXO GAME SERVER STARTED ***
Waiting for client connections.
Connected Client 0: ('127.0.0.1', 51978)
Connected Client 1: ('127.0.0.1', 51982)
Sent Message Client 1: new game,X
Sent Message Client 0: new game,O
Sent Message Client 1: your move
Sent Message Client 0: opponents move
Received Message Client 1: 0
Sent Message Client 1: valid move,X,0
Sent Message Client 0: valid move,X,0
Sent Message Client 0: your move
Sent Message Client 1: opponents move
Received Message Client 0: 6
Sent Message Client 0: valid move,O,6
Sent Message Client 1: valid move,O,6
Sent Message Client 1: your move
Sent Message Client 0: opponents move
Received Message Client 1: 1
Sent Message Client 1: valid move,X,1
Sent Message Client 0: valid move,X,1
Sent Message Client 0: your move
Sent Message Client 1: opponents move
Received Message Client 0: 7
Sent Message Client 0: valid move,O,7
Sent Message Client 1: valid move,O,7
Sent Message Client 1: your move
Sent Message Client 0: opponents move
Received Message Client 1: 2
Sent Message Client 1: valid move,X,2
Sent Message Client 0: valid move,X,2
Sent Message Client 0: game over,X
Sent Message Client 1: game over,X
Sent Message Client 0: play again
Sent Message Client 1: play again
Received Message Client 0: y
Received Message Client 1: y
Sent Message Client 0: new game,X
Sent Message Client 1: new game,O
Sent Message Client 0: your move
Sent Message Client 1: opponents move
Received Message Client 0: 0
Sent Message Client 0: valid move,X,0
Sent Message Client 1: valid move,X,0
Sent Message Client 1: your move
Sent Message Client 0: opponents move
Received Message Client 1: 7
Sent Message Client 1: valid move,O,7
Sent Message Client 0: valid move,O,7
Sent Message Client 0: your move
Sent Message Client 1: opponents move
Received Message Client 0: 4
Sent Message Client 0: valid move,X,4
Sent Message Client 1: valid move,X,4
Sent Message Client 1: your move
Sent Message Client 0: opponents move
Received Message Client 1: 6
Sent Message Client 1: valid move,O,6
Sent Message Client 0: valid move,O,6
Sent Message Client 0: your move
Sent Message Client 1: opponents move
Received Message Client 0: 8
Sent Message Client 0: valid move,X,8
Sent Message Client 1: valid move,X,8
Sent Message Client 1: game over,X
Sent Message Client 0: game over,X
Sent Message Client 1: play again
Sent Message Client 0: play again
Received Message Client 1: n
Received Message Client 0: n
Sent Message Client 1: exit game
Sent Message Client 0: exit game
Closed Client 0: ('127.0.0.1', 51978)
Closed Client 1: ('127.0.0.1', 51982)
*** OXO GAME SERVER STARTED ***
Waiting for client connections.
